Using pre-set license
Built from '2020.3/staging' branch; Version is '2020.3.16f1 (049d6eca3c44) revision 302446'; Using compiler version '192528614'; Build Type 'Release'
OS: 'Windows 10 Home; OS build 19042.1165; Version 2009; 64bit' Language: 'en' Physical Memory: 8030 MB
BatchMode: 1, IsHumanControllingUs: 0, StartBugReporterOnCrash: 0, Is64bit: 1, IsPro: 0

 COMMAND LINE ARGUMENTS:
C:\Program Files\Unity\Hub\Editor\2020.3.16f1\Editor\Unity.exe
-adb2
-batchMode
-noUpm
-name
AssetImportWorker0
-projectPath
C:/Unity/MyFirst2DPlatformer
-logFile
Logs/AssetImportWorker0.log
-srvPort
65405
Successfully changed project path to: C:/Unity/MyFirst2DPlatformer
C:/Unity/MyFirst2DPlatformer
Using Asset Import Pipeline V2.
Refreshing native plugins compatible for Editor in 151.67 ms, found 2 plugins.
Preloading 0 native plugins for Editor in 0.00 ms.
Initialize engine version: 2020.3.16f1 (049d6eca3c44)
[Subsystems] Discovering subsystems at path C:/Program Files/Unity/Hub/Editor/2020.3.16f1/Editor/Data/Resources/UnitySubsystems
[Subsystems] Discovering subsystems at path C:/Unity/MyFirst2DPlatformer/Assets
GfxDevice: creating device client; threaded=0
Direct3D:
    Version:  Direct3D 11.0 [level 11.1]
    Renderer: Intel(R) HD Graphics 520 (ID=0x1916)
    Vendor:   
    VRAM:     4015 MB
    Driver:   27.20.100.8681
Initialize mono
Mono path[0] = 'C:/Program Files/Unity/Hub/Editor/2020.3.16f1/Editor/Data/Managed'
Mono path[1] = 'C:/Program Files/Unity/Hub/Editor/2020.3.16f1/Editor/Data/MonoBleedingEdge/lib/mono/unityjit'
Mono config path = 'C:/Program Files/Unity/Hub/Editor/2020.3.16f1/Editor/Data/MonoBleedingEdge/etc'
Using monoOptions --debugger-agent=transport=dt_socket,embedding=1,server=y,suspend=n,address=127.0.0.1:56828
Begin MonoManager ReloadAssembly
Registering precompiled unity dll's ...
Register platform support module: C:/Program Files/Unity/Hub/Editor/2020.3.16f1/Editor/Data/PlaybackEngines/WebGLSupport/UnityEditor.WebGL.Extensions.dll
Register platform support module: C:/Program Files/Unity/Hub/Editor/2020.3.16f1/Editor/Data/PlaybackEngines/WindowsStandaloneSupport/UnityEditor.WindowsStandalone.Extensions.dll
Registered in 0.005655 seconds.
Native extension for WindowsStandalone target not found
Native extension for WebGL target not found
Refreshing native plugins compatible for Editor in 121.66 ms, found 2 plugins.
Preloading 0 native plugins for Editor in 0.00 ms.
Mono: successfully reloaded assembly
- Completed reload, in  3.190 seconds
Domain Reload Profiling:
	ReloadAssembly (3191ms)
		BeginReloadAssembly (167ms)
			ExecutionOrderSort (0ms)
			DisableScriptedObjects (0ms)
			BackupInstance (0ms)
			ReleaseScriptingObjects (0ms)
			CreateAndSetChildDomain (2ms)
		EndReloadAssembly (1225ms)
			LoadAssemblies (159ms)
			RebuildTransferFunctionScriptingTraits (0ms)
			SetupTypeCache (470ms)
			ReleaseScriptCaches (0ms)
			RebuildScriptCaches (89ms)
			SetupLoadedEditorAssemblies (475ms)
				LogAssemblyErrors (0ms)
				InitializePlatformSupportModulesInManaged (11ms)
				SetLoadedEditorAssemblies (0ms)
				RefreshPlugins (122ms)
				BeforeProcessingInitializeOnLoad (25ms)
				ProcessInitializeOnLoadAttributes (216ms)
				ProcessInitializeOnLoadMethodAttributes (101ms)
				AfterProcessingInitializeOnLoad (0ms)
				EditorAssembliesLoaded (0ms)
			ExecutionOrderSort2 (0ms)
			AwakeInstancesAfterBackupRestoration (0ms)
Platform modules already initialized, skipping
Registering precompiled user dll's ...
Registered in 0.015290 seconds.
Begin MonoManager ReloadAssembly
Native extension for WindowsStandalone target not found
Native extension for WebGL target not found
Refreshing native plugins compatible for Editor in 1.05 ms, found 2 plugins.
Preloading 0 native plugins for Editor in 0.00 ms.
Mono: successfully reloaded assembly
- Completed reload, in  3.191 seconds
Domain Reload Profiling:
	ReloadAssembly (3194ms)
		BeginReloadAssembly (416ms)
			ExecutionOrderSort (0ms)
			DisableScriptedObjects (11ms)
			BackupInstance (0ms)
			ReleaseScriptingObjects (0ms)
			CreateAndSetChildDomain (46ms)
		EndReloadAssembly (2616ms)
			LoadAssemblies (263ms)
			RebuildTransferFunctionScriptingTraits (0ms)
			SetupTypeCache (815ms)
			ReleaseScriptCaches (1ms)
			RebuildScriptCaches (145ms)
			SetupLoadedEditorAssemblies (1140ms)
				LogAssemblyErrors (0ms)
				InitializePlatformSupportModulesInManaged (16ms)
				SetLoadedEditorAssemblies (2ms)
				RefreshPlugins (1ms)
				BeforeProcessingInitializeOnLoad (185ms)
				ProcessInitializeOnLoadAttributes (904ms)
				ProcessInitializeOnLoadMethodAttributes (10ms)
				AfterProcessingInitializeOnLoad (21ms)
				EditorAssembliesLoaded (1ms)
			ExecutionOrderSort2 (0ms)
			AwakeInstancesAfterBackupRestoration (20ms)
Platform modules already initialized, skipping
========================================================================
Worker process is ready to serve import requests
Launched and connected shader compiler UnityShaderCompiler.exe after 0.19 seconds
Refreshing native plugins compatible for Editor in 0.84 ms, found 2 plugins.
Preloading 0 native plugins for Editor in 0.00 ms.
Unloading 1908 Unused Serialized files (Serialized files now loaded: 0)
System memory in use before: 87.5 MB.
System memory in use after: 87.6 MB.

Unloading 20 unused Assets to reduce memory usage. Loaded Objects now: 2339.
Total: 9.545200 ms (FindLiveObjects: 0.646200 ms CreateObjectMapping: 0.360500 ms MarkObjects: 8.378800 ms  DeleteObjects: 0.156300 ms)

AssetImportParameters requested are different than current active one (requested -> active):
  custom:framework-win-MediaFoundation: 216162199b28c13a410421893ffa2e32 -> 
  custom:video-decoder-ogg-theora: a1e56fd34408186e4bbccfd4996cb3dc -> 
  custom:container-muxer-webm: aa71ff27fc2769a1b78a27578f13a17b -> 
  custom:container-demuxer-webm: 4f35f7cbe854078d1ac9338744f61a02 -> 
  custom:container-demuxer-ogg: 62fdf1f143b41e24485cea50d1cbac27 -> 
  custom:video-encoder-webm-vp8: eb34c28f22e8b96e1ab97ce403110664 -> 
  custom:video-decoder-webm-vp8: 9c59270c3fd7afecdb556c50c9e8de78 -> 
  custom:audio-decoder-ogg-vorbis: bf7c407c2cedff20999df2af8eb42d56 -> 
  custom:audio-encoder-webm-vorbis: bf7c407c2cedff20999df2af8eb42d56 -> 
========================================================================
Received Import Request.
  path: Assets/Prefabs/UI Canvas.prefab
  artifactKey: Guid(9a1bd12ebb35d4dc997aa0c5494eda9b) Importer(815301076,1909f56bfc062723c751e8b465ee728b)
Start importing Assets/Prefabs/UI Canvas.prefab using Guid(9a1bd12ebb35d4dc997aa0c5494eda9b) Importer(815301076,1909f56bfc062723c751e8b465ee728b)  -> (artifact id: '70504634214152b3c8b0a6e4ededd537') in 0.391595 seconds 
  Import took 0.401960 seconds .

========================================================================
Received Import Request.
  Time since last request: 0.000523 seconds.
  path: Assets/Prefabs/Button.prefab
  artifactKey: Guid(7177f94ecf0cf1043a4790c439edbad6) Importer(815301076,1909f56bfc062723c751e8b465ee728b)
Start importing Assets/Prefabs/Button.prefab using Guid(7177f94ecf0cf1043a4790c439edbad6) Importer(815301076,1909f56bfc062723c751e8b465ee728b)  -> (artifact id: '577070756d348d8aa78eb16cb3c01e3f') in 0.075315 seconds 
  Import took 0.086245 seconds .

========================================================================
Received Import Request.
  Time since last request: 0.000436 seconds.
  path: Assets/Prefabs/Player.prefab
  artifactKey: Guid(7d60c822c3f1b408ea7a00ecdb5e047a) Importer(815301076,1909f56bfc062723c751e8b465ee728b)
Start importing Assets/Prefabs/Player.prefab using Guid(7d60c822c3f1b408ea7a00ecdb5e047a) Importer(815301076,1909f56bfc062723c751e8b465ee728b)  -> (artifact id: '2fe5f236bb2ef788e16105fe6d3f9f8d') in 0.283674 seconds 
  Import took 0.292125 seconds .

========================================================================
Received Import Request.
  Time since last request: 0.000312 seconds.
  path: Assets/Prefabs/Enemy.prefab
  artifactKey: Guid(f158aa2be3df6489185ef721f6fd79c1) Importer(815301076,1909f56bfc062723c751e8b465ee728b)
Start importing Assets/Prefabs/Enemy.prefab using Guid(f158aa2be3df6489185ef721f6fd79c1) Importer(815301076,1909f56bfc062723c751e8b465ee728b)  -> (artifact id: '88eda157019fdea30cc11ffb11bfe1c4') in 0.055858 seconds 
  Import took 0.065426 seconds .

========================================================================
Received Import Request.
  Time since last request: 0.000461 seconds.
  path: Assets/Prefabs/TilePalette.prefab
  artifactKey: Guid(c02c4165d21a0fd488455befe67d7aac) Importer(815301076,1909f56bfc062723c751e8b465ee728b)
Start importing Assets/Prefabs/TilePalette.prefab using Guid(c02c4165d21a0fd488455befe67d7aac) Importer(815301076,1909f56bfc062723c751e8b465ee728b)  -> (artifact id: 'b2eeba2bccfa3fbe41112e5596ea5fdf') in 0.076664 seconds 
  Import took 0.089899 seconds .

========================================================================
Received Import Request.
  Time since last request: 0.000330 seconds.
  path: Assets/Prefabs/CinemachineConfiner.prefab
  artifactKey: Guid(6f545478bd0fb7a478ed6f674a5210f5) Importer(815301076,1909f56bfc062723c751e8b465ee728b)
Start importing Assets/Prefabs/CinemachineConfiner.prefab using Guid(6f545478bd0fb7a478ed6f674a5210f5) Importer(815301076,1909f56bfc062723c751e8b465ee728b)  -> (artifact id: '87143dbb8f56babc5803811725ad599c') in 0.026429 seconds 
  Import took 0.034465 seconds .

========================================================================
Received Prepare
Registering precompiled user dll's ...
Registered in 0.007161 seconds.
Begin MonoManager ReloadAssembly
Native extension for WindowsStandalone target not found
Native extension for WebGL target not found
Refreshing native plugins compatible for Editor in 0.54 ms, found 2 plugins.
Preloading 0 native plugins for Editor in 0.00 ms.
Mono: successfully reloaded assembly
- Completed reload, in  1.582 seconds
Domain Reload Profiling:
	ReloadAssembly (1582ms)
		BeginReloadAssembly (172ms)
			ExecutionOrderSort (0ms)
			DisableScriptedObjects (6ms)
			BackupInstance (0ms)
			ReleaseScriptingObjects (0ms)
			CreateAndSetChildDomain (50ms)
		EndReloadAssembly (1316ms)
			LoadAssemblies (136ms)
			RebuildTransferFunctionScriptingTraits (0ms)
			SetupTypeCache (435ms)
			ReleaseScriptCaches (1ms)
			RebuildScriptCaches (64ms)
			SetupLoadedEditorAssemblies (547ms)
				LogAssemblyErrors (0ms)
				InitializePlatformSupportModulesInManaged (10ms)
				SetLoadedEditorAssemblies (1ms)
				RefreshPlugins (1ms)
				BeforeProcessingInitializeOnLoad (95ms)
				ProcessInitializeOnLoadAttributes (425ms)
				ProcessInitializeOnLoadMethodAttributes (6ms)
				AfterProcessingInitializeOnLoad (10ms)
				EditorAssembliesLoaded (0ms)
			ExecutionOrderSort2 (0ms)
			AwakeInstancesAfterBackupRestoration (10ms)
Platform modules already initialized, skipping
Refreshing native plugins compatible for Editor in 0.53 ms, found 2 plugins.
Preloading 0 native plugins for Editor in 0.00 ms.
Unloading 1861 Unused Serialized files (Serialized files now loaded: 0)
System memory in use before: 86.7 MB.
System memory in use after: 86.8 MB.

Unloading 15 unused Assets to reduce memory usage. Loaded Objects now: 2348.
Total: 3.944500 ms (FindLiveObjects: 0.226200 ms CreateObjectMapping: 0.078800 ms MarkObjects: 3.595100 ms  DeleteObjects: 0.042600 ms)

AssetImportParameters requested are different than current active one (requested -> active):
  custom:framework-win-MediaFoundation: 216162199b28c13a410421893ffa2e32 -> 
  custom:video-decoder-ogg-theora: a1e56fd34408186e4bbccfd4996cb3dc -> 
  custom:container-muxer-webm: aa71ff27fc2769a1b78a27578f13a17b -> 
  custom:container-demuxer-webm: 4f35f7cbe854078d1ac9338744f61a02 -> 
  custom:container-demuxer-ogg: 62fdf1f143b41e24485cea50d1cbac27 -> 
  custom:video-encoder-webm-vp8: eb34c28f22e8b96e1ab97ce403110664 -> 
  custom:video-decoder-webm-vp8: 9c59270c3fd7afecdb556c50c9e8de78 -> 
  custom:audio-decoder-ogg-vorbis: bf7c407c2cedff20999df2af8eb42d56 -> 
  custom:audio-encoder-webm-vorbis: bf7c407c2cedff20999df2af8eb42d56 -> 
========================================================================
Received Import Request.
  Time since last request: 677.570904 seconds.
  path: Assets/Prefabs
  artifactKey: Guid(401d5e8aa01fa4f34b2ef24a1ebbf5b7) Importer(815301076,1909f56bfc062723c751e8b465ee728b)
Start importing Assets/Prefabs using Guid(401d5e8aa01fa4f34b2ef24a1ebbf5b7) Importer(815301076,1909f56bfc062723c751e8b465ee728b)  -> (artifact id: '11701abfffb29a1bdc9c961e394628f8') in 0.027668 seconds 
  Import took 0.034331 seconds .

========================================================================
Received Import Request.
  Time since last request: 38.834055 seconds.
  path: Assets/Character/Sprites/EnemyDeath.png
  artifactKey: Guid(0d22f52a800554566bb7a5bd62041458) Importer(815301076,1909f56bfc062723c751e8b465ee728b)
Start importing Assets/Character/Sprites/EnemyDeath.png using Guid(0d22f52a800554566bb7a5bd62041458) Importer(815301076,1909f56bfc062723c751e8b465ee728b)  -> (artifact id: '2875a14ec68299eb8c0397da71f15fc0') in 0.252814 seconds 
  Import took 0.262320 seconds .

========================================================================
Received Import Request.
  Time since last request: 0.000329 seconds.
  path: Assets/Character/Sprites/EnemyIdle.png
  artifactKey: Guid(fe68c6e1242e94a9eab222e1f49440ff) Importer(815301076,1909f56bfc062723c751e8b465ee728b)
Start importing Assets/Character/Sprites/EnemyIdle.png using Guid(fe68c6e1242e94a9eab222e1f49440ff) Importer(815301076,1909f56bfc062723c751e8b465ee728b)  -> (artifact id: '5c23ebd9f628c6db3bb73fa77fc81b45') in 0.320917 seconds 
  Import took 0.327166 seconds .

========================================================================
Received Import Request.
  Time since last request: 0.000291 seconds.
  path: Assets/Character/Sprites/EnemyHurt.png
  artifactKey: Guid(93c828a03eeb34779a4373e83c7e1bcc) Importer(815301076,1909f56bfc062723c751e8b465ee728b)
Start importing Assets/Character/Sprites/EnemyHurt.png using Guid(93c828a03eeb34779a4373e83c7e1bcc) Importer(815301076,1909f56bfc062723c751e8b465ee728b)  -> (artifact id: 'a7649669c5d50927047988b13ba3472d') in 0.097240 seconds 
  Import took 0.108977 seconds .

========================================================================
Received Import Request.
  Time since last request: 0.000296 seconds.
  path: Assets/Character/Sprites/EnemyDeath.png
  artifactKey: Guid(0d22f52a800554566bb7a5bd62041458) Importer(815301076,1909f56bfc062723c751e8b465ee728b)
Start importing Assets/Character/Sprites/EnemyDeath.png using Guid(0d22f52a800554566bb7a5bd62041458) Importer(815301076,1909f56bfc062723c751e8b465ee728b)  -> (artifact id: '2875a14ec68299eb8c0397da71f15fc0') in 0.074907 seconds 
  Import took 0.080900 seconds .

========================================================================
Received Import Request.
  Time since last request: 0.000208 seconds.
  path: Assets/Character/Sprites/EnemyHurt.png
  artifactKey: Guid(93c828a03eeb34779a4373e83c7e1bcc) Importer(815301076,1909f56bfc062723c751e8b465ee728b)
Start importing Assets/Character/Sprites/EnemyHurt.png using Guid(93c828a03eeb34779a4373e83c7e1bcc) Importer(815301076,1909f56bfc062723c751e8b465ee728b)  -> (artifact id: 'a7649669c5d50927047988b13ba3472d') in 0.094939 seconds 
  Import took 0.101061 seconds .

========================================================================
Received Import Request.
  Time since last request: 29.796419 seconds.
  path: Assets/Character/Sprites/EnemyRun.png
  artifactKey: Guid(38c1b0996c8e0457eb88644b8cb126f3) Importer(815301076,1909f56bfc062723c751e8b465ee728b)
Start importing Assets/Character/Sprites/EnemyRun.png using Guid(38c1b0996c8e0457eb88644b8cb126f3) Importer(815301076,1909f56bfc062723c751e8b465ee728b)  -> (artifact id: 'a3f23916ffb6ff606e2b3d7ce5162635') in 0.104907 seconds 
  Import took 0.111082 seconds .

========================================================================
Received Import Request.
  Time since last request: 0.000357 seconds.
  path: Assets/Character/Sprites/PlayerIdle.png
  artifactKey: Guid(ba86c7b200abe499cb750833482830b3) Importer(815301076,1909f56bfc062723c751e8b465ee728b)
Start importing Assets/Character/Sprites/PlayerIdle.png using Guid(ba86c7b200abe499cb750833482830b3) Importer(815301076,1909f56bfc062723c751e8b465ee728b)  -> (artifact id: 'fb20c07e4b857bd1ceb582e31f2296a2') in 0.240417 seconds 
  Import took 0.246945 seconds .

========================================================================
Received Import Request.
  Time since last request: 0.000391 seconds.
  path: Assets/Character/Sprites/PlayerLand.png
  artifactKey: Guid(e0d1e122a29a24ec19a2b23782952411) Importer(815301076,1909f56bfc062723c751e8b465ee728b)
Start importing Assets/Character/Sprites/PlayerLand.png using Guid(e0d1e122a29a24ec19a2b23782952411) Importer(815301076,1909f56bfc062723c751e8b465ee728b)  -> (artifact id: '3ec179f9557beb8e8bfa89bad83ef72e') in 0.053171 seconds 
  Import took 0.059128 seconds .

========================================================================
Received Import Request.
  Time since last request: 0.000347 seconds.
  path: Assets/Character/Sprites/PlayerSpawn.png
  artifactKey: Guid(1a4bd6d8b694c4f65869fe4d44a0198b) Importer(815301076,1909f56bfc062723c751e8b465ee728b)
Start importing Assets/Character/Sprites/PlayerSpawn.png using Guid(1a4bd6d8b694c4f65869fe4d44a0198b) Importer(815301076,1909f56bfc062723c751e8b465ee728b)  -> (artifact id: 'd5c47a3ab0903631f959f0e0d8db747a') in 0.135832 seconds 
  Import took 0.141808 seconds .

========================================================================
Received Import Request.
  Time since last request: 0.000338 seconds.
  path: Assets/Character/Sprites/PlayerVictory.png
  artifactKey: Guid(591161ddccde24e77bc04c29ec2742eb) Importer(815301076,1909f56bfc062723c751e8b465ee728b)
Start importing Assets/Character/Sprites/PlayerVictory.png using Guid(591161ddccde24e77bc04c29ec2742eb) Importer(815301076,1909f56bfc062723c751e8b465ee728b)  -> (artifact id: 'ca727beffe592e1e343637bec17d5da9') in 0.105843 seconds 
  Import took 0.111709 seconds .

========================================================================
Received Import Request.
  Time since last request: 0.000381 seconds.
  path: Assets/Character/Sprites/TokenSpin.png
  artifactKey: Guid(c36b0e54a8d8340759ab2f1394787f1f) Importer(815301076,1909f56bfc062723c751e8b465ee728b)
Start importing Assets/Character/Sprites/TokenSpin.png using Guid(c36b0e54a8d8340759ab2f1394787f1f) Importer(815301076,1909f56bfc062723c751e8b465ee728b)  -> (artifact id: 'cdd86cabec00e59782bcb775436f097e') in 0.095533 seconds 
  Import took 0.100847 seconds .

========================================================================
Received Import Request.
  Time since last request: 0.000365 seconds.
  path: Assets/Character/Sprites/Mr.Alien.png
  artifactKey: Guid(443583d5024ec0b46889a8bed11f2d5d) Importer(815301076,1909f56bfc062723c751e8b465ee728b)
Start importing Assets/Character/Sprites/Mr.Alien.png using Guid(443583d5024ec0b46889a8bed11f2d5d) Importer(815301076,1909f56bfc062723c751e8b465ee728b)  -> (artifact id: '18029d857a4da9edf42a351f94f264a8') in 0.038289 seconds 
  Import took 0.045020 seconds .

========================================================================
Received Import Request.
  Time since last request: 0.000408 seconds.
  path: Assets/Character/Sprites/PlayerJump.png
  artifactKey: Guid(f43044f34a0b7424eb5deb0c04ff27c7) Importer(815301076,1909f56bfc062723c751e8b465ee728b)
Start importing Assets/Character/Sprites/PlayerJump.png using Guid(f43044f34a0b7424eb5deb0c04ff27c7) Importer(815301076,1909f56bfc062723c751e8b465ee728b)  -> (artifact id: 'a58253642b2e7e1e8bbda8bc2ecfae7d') in 0.267571 seconds 
  Import took 0.274366 seconds .

========================================================================
Received Import Request.
  Time since last request: 0.000350 seconds.
  path: Assets/Character/Sprites/PlayerRun.png
  artifactKey: Guid(225a1eacac9dc41ae9a4d6adf7df8d40) Importer(815301076,1909f56bfc062723c751e8b465ee728b)
Start importing Assets/Character/Sprites/PlayerRun.png using Guid(225a1eacac9dc41ae9a4d6adf7df8d40) Importer(815301076,1909f56bfc062723c751e8b465ee728b)  -> (artifact id: '2d813ba56862360b44ad91d0f3a10d8e') in 0.180043 seconds 
  Import took 0.185871 seconds .

========================================================================
Received Import Request.
  Time since last request: 0.000411 seconds.
  path: Assets/Character/Sprites/TokenCollected.png
  artifactKey: Guid(d7f3ba40c95624407a79329e1af8b953) Importer(815301076,1909f56bfc062723c751e8b465ee728b)
Start importing Assets/Character/Sprites/TokenCollected.png using Guid(d7f3ba40c95624407a79329e1af8b953) Importer(815301076,1909f56bfc062723c751e8b465ee728b)  -> (artifact id: 'd0632949421c76bca2b00f8dfa78fb1f') in 0.080105 seconds 
  Import took 0.084420 seconds .

========================================================================
Received Import Request.
  Time since last request: 0.000329 seconds.
  path: Assets/Character/Sprites/PlayerHurt.png
  artifactKey: Guid(e1c7748eb9afd4e608ce8f923cf861dc) Importer(815301076,1909f56bfc062723c751e8b465ee728b)
Start importing Assets/Character/Sprites/PlayerHurt.png using Guid(e1c7748eb9afd4e608ce8f923cf861dc) Importer(815301076,1909f56bfc062723c751e8b465ee728b)  -> (artifact id: '1512830226c616b3bcdc613020d110a5') in 0.083358 seconds 
  Import took 0.087527 seconds .

========================================================================
Received Import Request.
  Time since last request: 0.000344 seconds.
  path: Assets/Character/Sprites/PlayerDeath.png
  artifactKey: Guid(75b38086a902846edbae786183b0274d) Importer(815301076,1909f56bfc062723c751e8b465ee728b)
Start importing Assets/Character/Sprites/PlayerDeath.png using Guid(75b38086a902846edbae786183b0274d) Importer(815301076,1909f56bfc062723c751e8b465ee728b)  -> (artifact id: 'b2ef06c8a157bb4a8a792e8bc9f41c81') in 0.093919 seconds 
  Import took 0.097956 seconds .

========================================================================
Received Import Request.
  Time since last request: 32.632116 seconds.
  path: Assets/Character/Animations/EnemyDeath.anim
  artifactKey: Guid(8151a21a86e8443db8efcec43314dece) Importer(815301076,1909f56bfc062723c751e8b465ee728b)
Start importing Assets/Character/Animations/EnemyDeath.anim using Guid(8151a21a86e8443db8efcec43314dece) Importer(815301076,1909f56bfc062723c751e8b465ee728b)  -> (artifact id: '2a23c0d6bb10a4c9ec74cfd9e2f0bc48') in 0.008650 seconds 
  Import took 0.014464 seconds .

========================================================================
Received Import Request.
  Time since last request: 0.002177 seconds.
  path: Assets/Character/Animations/EnemyDeath.anim
  artifactKey: Guid(8151a21a86e8443db8efcec43314dece) Importer(815301076,1909f56bfc062723c751e8b465ee728b)
Start importing Assets/Character/Animations/EnemyDeath.anim using Guid(8151a21a86e8443db8efcec43314dece) Importer(815301076,1909f56bfc062723c751e8b465ee728b)  -> (artifact id: '2a23c0d6bb10a4c9ec74cfd9e2f0bc48') in 0.006561 seconds 
  Import took 0.012789 seconds .

========================================================================
Received Import Request.
  Time since last request: 10.284555 seconds.
  path: Assets/Environment/Sprites
  artifactKey: Guid(fbcc101ac651c4c1b97591f8c99f9f6d) Importer(815301076,1909f56bfc062723c751e8b465ee728b)
Start importing Assets/Environment/Sprites using Guid(fbcc101ac651c4c1b97591f8c99f9f6d) Importer(815301076,1909f56bfc062723c751e8b465ee728b)  -> (artifact id: 'f69d31991d1e416a826f5123b62a55bb') in 0.012203 seconds 
  Import took 0.019626 seconds .

========================================================================
Received Import Request.
  Time since last request: 0.051689 seconds.
  path: Assets/Environment/Sprites/cloud.png
  artifactKey: Guid(510116f768c743e41b41ed30a8bdbc29) Importer(815301076,1909f56bfc062723c751e8b465ee728b)
Start importing Assets/Environment/Sprites/cloud.png using Guid(510116f768c743e41b41ed30a8bdbc29) Importer(815301076,1909f56bfc062723c751e8b465ee728b)  -> (artifact id: 'ca2d669ff410b1e95179fdb024e67cf6') in 0.022021 seconds 
  Import took 0.029652 seconds .

========================================================================
Received Import Request.
  Time since last request: 0.000306 seconds.
  path: Assets/Environment/Sprites/TileFloatingLeftEdge.png
  artifactKey: Guid(cbb2fe4d69e24da4db5d9340b9a78b41) Importer(815301076,1909f56bfc062723c751e8b465ee728b)
Start importing Assets/Environment/Sprites/TileFloatingLeftEdge.png using Guid(cbb2fe4d69e24da4db5d9340b9a78b41) Importer(815301076,1909f56bfc062723c751e8b465ee728b)  -> (artifact id: '32ef6000479d3f2c830f17de3aeceef7') in 0.029071 seconds 
  Import took 0.033204 seconds .

========================================================================
Received Import Request.
  Time since last request: 0.000323 seconds.
  path: Assets/Environment/Sprites/MidgroundFiller.png
  artifactKey: Guid(5bfb66baa66fb8249850422e5c04049c) Importer(815301076,1909f56bfc062723c751e8b465ee728b)
Start importing Assets/Environment/Sprites/MidgroundFiller.png using Guid(5bfb66baa66fb8249850422e5c04049c) Importer(815301076,1909f56bfc062723c751e8b465ee728b)  -> (artifact id: '1a0cd652ecdd721b40c1116ad00a1e40') in 0.025693 seconds 
  Import took 0.035307 seconds .

========================================================================
Received Import Request.
  Time since last request: 0.000673 seconds.
  path: Assets/Environment/Sprites/ShortBuilding.png
  artifactKey: Guid(d6bb3a4076992b34899422ed2833ca78) Importer(815301076,1909f56bfc062723c751e8b465ee728b)
Start importing Assets/Environment/Sprites/ShortBuilding.png using Guid(d6bb3a4076992b34899422ed2833ca78) Importer(815301076,1909f56bfc062723c751e8b465ee728b)  -> (artifact id: 'b2558466beffa0b689c08ff62def891e') in 0.033904 seconds 
  Import took 0.041084 seconds .

========================================================================
Received Import Request.
  Time since last request: 0.000353 seconds.
  path: Assets/Environment/Sprites/TileFloatingRightEdge.png
  artifactKey: Guid(3e2b02880f6f91b43a412e910b8943a4) Importer(815301076,1909f56bfc062723c751e8b465ee728b)
Start importing Assets/Environment/Sprites/TileFloatingRightEdge.png using Guid(3e2b02880f6f91b43a412e910b8943a4) Importer(815301076,1909f56bfc062723c751e8b465ee728b)  -> (artifact id: '426e5007c2c5cd6a757fc7d278b170ba') in 0.031941 seconds 
  Import took 0.037386 seconds .

========================================================================
Received Import Request.
  Time since last request: 0.000316 seconds.
  path: Assets/Environment/Sprites/TallBuilding.png
  artifactKey: Guid(fc837eb64bd35a64dbff20cd45295fab) Importer(815301076,1909f56bfc062723c751e8b465ee728b)
Start importing Assets/Environment/Sprites/TallBuilding.png using Guid(fc837eb64bd35a64dbff20cd45295fab) Importer(815301076,1909f56bfc062723c751e8b465ee728b)  -> (artifact id: 'f84803a087e6098cb25580420f4e7c2f') in 0.035267 seconds 
  Import took 0.042265 seconds .

========================================================================
Received Import Request.
  Time since last request: 0.000329 seconds.
  path: Assets/Environment/Sprites/mountains.png
  artifactKey: Guid(ae15cd3a7745ebf48a7b644b11834130) Importer(815301076,1909f56bfc062723c751e8b465ee728b)
Start importing Assets/Environment/Sprites/mountains.png using Guid(ae15cd3a7745ebf48a7b644b11834130) Importer(815301076,1909f56bfc062723c751e8b465ee728b)  -> (artifact id: 'fdad35e5fd578a2c9284233f8af8d2a9') in 0.032787 seconds 
  Import took 0.038675 seconds .

========================================================================
Received Import Request.
  Time since last request: 0.000337 seconds.
  path: Assets/Environment/Sprites/hillside.png
  artifactKey: Guid(6484ca7da7c3c4b4f81cadedb9b18e9b) Importer(815301076,1909f56bfc062723c751e8b465ee728b)
Start importing Assets/Environment/Sprites/hillside.png using Guid(6484ca7da7c3c4b4f81cadedb9b18e9b) Importer(815301076,1909f56bfc062723c751e8b465ee728b)  -> (artifact id: '52157e3ba7b0e5772bf4b431c08ea523') in 0.029765 seconds 
  Import took 0.040550 seconds .

========================================================================
Received Import Request.
  Time since last request: 0.000365 seconds.
  path: Assets/Environment/Sprites/TileFloatingMiddle.png
  artifactKey: Guid(4b59a07770b3607408af06862bbf6de6) Importer(815301076,1909f56bfc062723c751e8b465ee728b)
Start importing Assets/Environment/Sprites/TileFloatingMiddle.png using Guid(4b59a07770b3607408af06862bbf6de6) Importer(815301076,1909f56bfc062723c751e8b465ee728b)  -> (artifact id: 'c009cad09cb720d63346c3aa8b31c178') in 0.027426 seconds 
  Import took 0.034106 seconds .

========================================================================
Received Import Request.
  Time since last request: 0.000322 seconds.
  path: Assets/Environment/Sprites/plant.png
  artifactKey: Guid(31100c1a6774a964a9f5502cff2fb6c2) Importer(815301076,1909f56bfc062723c751e8b465ee728b)
Start importing Assets/Environment/Sprites/plant.png using Guid(31100c1a6774a964a9f5502cff2fb6c2) Importer(815301076,1909f56bfc062723c751e8b465ee728b)  -> (artifact id: 'dec5e708b1b694760aeb66288011257a') in 0.029744 seconds 
  Import took 0.035534 seconds .

========================================================================
Received Import Request.
  Time since last request: 0.000432 seconds.
  path: Assets/Environment/Sprites/midground.png
  artifactKey: Guid(ae2c8da0a2b52a94693061615670c2aa) Importer(815301076,1909f56bfc062723c751e8b465ee728b)
Start importing Assets/Environment/Sprites/midground.png using Guid(ae2c8da0a2b52a94693061615670c2aa) Importer(815301076,1909f56bfc062723c751e8b465ee728b)  -> (artifact id: '352e45cb85f8c365e6ddd917b1718218') in 0.039076 seconds 
  Import took 0.044952 seconds .

========================================================================
Received Import Request.
  Time since last request: 0.000322 seconds.
  path: Assets/Environment/Sprites/house.png
  artifactKey: Guid(94e3ad24efa41394381384e2f14d15a2) Importer(815301076,1909f56bfc062723c751e8b465ee728b)
Start importing Assets/Environment/Sprites/house.png using Guid(94e3ad24efa41394381384e2f14d15a2) Importer(815301076,1909f56bfc062723c751e8b465ee728b)  -> (artifact id: 'f80377c42c44ec3addf211d3620d0cbe') in 0.038783 seconds 
  Import took 0.044636 seconds .

========================================================================
Received Import Request.
  Time since last request: 0.001449 seconds.
  path: Assets/Environment/Sprites/fence.png
  artifactKey: Guid(5923f7e825e7cd44f9ae0017f0f1f139) Importer(815301076,1909f56bfc062723c751e8b465ee728b)
Start importing Assets/Environment/Sprites/fence.png using Guid(5923f7e825e7cd44f9ae0017f0f1f139) Importer(815301076,1909f56bfc062723c751e8b465ee728b)  -> (artifact id: '52d3b4346235b466d7f93028d2a79c10') in 0.031823 seconds 
  Import took 0.039177 seconds .

========================================================================
Received Import Request.
  Time since last request: 37.585216 seconds.
  path: Assets/Scripts/Mechanics/EnemyController.cs
  artifactKey: Guid(cd654acc1f7894a509f3420e5c9ffea6) Importer(815301076,1909f56bfc062723c751e8b465ee728b)
Start importing Assets/Scripts/Mechanics/EnemyController.cs using Guid(cd654acc1f7894a509f3420e5c9ffea6) Importer(815301076,1909f56bfc062723c751e8b465ee728b)  -> (artifact id: '5c4b84cb97625a5364094695bb11e330') in 0.156643 seconds 
  Import took 0.162334 seconds .

========================================================================
Received Prepare
Registering precompiled user dll's ...
Registered in 0.007964 seconds.
Begin MonoManager ReloadAssembly
Native extension for WindowsStandalone target not found
Native extension for WebGL target not found
Refreshing native plugins compatible for Editor in 0.56 ms, found 2 plugins.
Preloading 0 native plugins for Editor in 0.00 ms.
Mono: successfully reloaded assembly
- Completed reload, in  1.905 seconds
Domain Reload Profiling:
	ReloadAssembly (1906ms)
		BeginReloadAssembly (171ms)
			ExecutionOrderSort (0ms)
			DisableScriptedObjects (8ms)
			BackupInstance (0ms)
			ReleaseScriptingObjects (0ms)
			CreateAndSetChildDomain (50ms)
		EndReloadAssembly (1635ms)
			LoadAssemblies (132ms)
			RebuildTransferFunctionScriptingTraits (0ms)
			SetupTypeCache (421ms)
			ReleaseScriptCaches (2ms)
			RebuildScriptCaches (61ms)
			SetupLoadedEditorAssemblies (848ms)
				LogAssemblyErrors (0ms)
				InitializePlatformSupportModulesInManaged (9ms)
				SetLoadedEditorAssemblies (1ms)
				RefreshPlugins (1ms)
				BeforeProcessingInitializeOnLoad (134ms)
				ProcessInitializeOnLoadAttributes (679ms)
				ProcessInitializeOnLoadMethodAttributes (10ms)
				AfterProcessingInitializeOnLoad (13ms)
				EditorAssembliesLoaded (0ms)
			ExecutionOrderSort2 (0ms)
			AwakeInstancesAfterBackupRestoration (21ms)
Platform modules already initialized, skipping
Refreshing native plugins compatible for Editor in 0.56 ms, found 2 plugins.
Preloading 0 native plugins for Editor in 0.00 ms.
Unloading 1861 Unused Serialized files (Serialized files now loaded: 0)
System memory in use before: 86.8 MB.
System memory in use after: 86.9 MB.

Unloading 15 unused Assets to reduce memory usage. Loaded Objects now: 2385.
Total: 5.448200 ms (FindLiveObjects: 0.308900 ms CreateObjectMapping: 0.096300 ms MarkObjects: 5.001700 ms  DeleteObjects: 0.036500 ms)

AssetImportParameters requested are different than current active one (requested -> active):
  custom:framework-win-MediaFoundation: 216162199b28c13a410421893ffa2e32 -> 
  custom:video-decoder-ogg-theora: a1e56fd34408186e4bbccfd4996cb3dc -> 
  custom:container-muxer-webm: aa71ff27fc2769a1b78a27578f13a17b -> 
  custom:container-demuxer-webm: 4f35f7cbe854078d1ac9338744f61a02 -> 
  custom:container-demuxer-ogg: 62fdf1f143b41e24485cea50d1cbac27 -> 
  custom:video-encoder-webm-vp8: eb34c28f22e8b96e1ab97ce403110664 -> 
  custom:video-decoder-webm-vp8: 9c59270c3fd7afecdb556c50c9e8de78 -> 
  custom:audio-decoder-ogg-vorbis: bf7c407c2cedff20999df2af8eb42d56 -> 
  custom:audio-encoder-webm-vorbis: bf7c407c2cedff20999df2af8eb42d56 -> 
AssetImportWorkerClient::OnTransportError - code=2 error=End of file
